{
  "0 debug pnpm:scope": {
    "selected": 1
  },
  "1 info pnpm": {
    "err": {
      "name": "Error",
      "message": "Command failed with ENOENT: @umijs/create-dumi-lib --site\nspawn @umijs/create-dumi-lib ENOENT",
      "code": "ENOENT",
      "stack": "Error: Command failed with ENOENT: @umijs/create-dumi-lib --site\nspawn @umijs/create-dumi-lib ENOENT\n    at Process.ChildProcess._handle.onexit (node:internal/child_process:282:19)\n    at onErrorNT (node:internal/child_process:477:16)\n    at processTicksAndRejections (node:internal/process/task_queues:83:21)"
    }
  },
  "2 error pnpm": {
    "errno": -2,
    "code": "ERR_PNPM_RECURSIVE_EXEC_FIRST_FAIL",
    "syscall": "spawn @umijs/create-dumi-lib",
    "path": "@umijs/create-dumi-lib",
    "spawnargs": [
      "--site"
    ],
    "originalMessage": "spawn @umijs/create-dumi-lib ENOENT",
    "shortMessage": "Command failed with ENOENT: @umijs/create-dumi-lib --site\nspawn @umijs/create-dumi-lib ENOENT",
    "command": "@umijs/create-dumi-lib --site",
    "escapedCommand": "\"@umijs/create-dumi-lib\" --site",
    "failed": true,
    "timedOut": false,
    "isCanceled": false,
    "killed": false,
    "prefix": "/Users/ray/developer/github/sql-parser",
    "err": {
      "name": "pnpm",
      "message": "Command failed with ENOENT: @umijs/create-dumi-lib --site\nspawn @umijs/create-dumi-lib ENOENT",
      "code": "ERR_PNPM_RECURSIVE_EXEC_FIRST_FAIL",
      "stack": "Error: Command failed with ENOENT: @umijs/create-dumi-lib --site\nspawn @umijs/create-dumi-lib ENOENT\n    at Process.ChildProcess._handle.onexit (node:internal/child_process:282:19)\n    at onErrorNT (node:internal/child_process:477:16)\n    at processTicksAndRejections (node:internal/process/task_queues:83:21)"
    }
  }
}